2022-10-23 12:54:25 DEBUG    ----------- Starting -----------
2022-10-23 12:54:25 DEBUG    Starting fbref scrapping
2022-10-23 12:54:25 DEBUG    Starting new HTTPS connection (1): fbref.com:443
2022-10-23 12:54:25 DEBUG    https://fbref.com:443 "GET /en/comps/Big5/stats/joueurs/Statistiques-Les-5-grands-championnats-europeens HTTP/1.1" 200 None
2022-10-23 12:54:29 DEBUG    Starting new HTTPS connection (1): fbref.com:443
2022-10-23 12:54:29 DEBUG    https://fbref.com:443 "GET /en/players/5bc43860/scout/365_euro/ HTTP/1.1" 200 None
2022-10-23 12:54:29 DEBUG    Starting new HTTPS connection (1): fbref.com:443
2022-10-23 12:54:29 DEBUG    https://fbref.com:443 "GET /en/players/32c2d95f/scout/365_euro/ HTTP/1.1" 200 None
2022-10-23 12:54:29 DEBUG    Starting new HTTPS connection (1): fbref.com:443
2022-10-23 12:54:29 DEBUG    https://fbref.com:443 "GET /en/players/7978cbf0/scout/365_euro/ HTTP/1.1" 200 None
2022-10-23 12:54:30 WARNING  Player has not scouting report : https://fbref.com/en/players/7978cbf0/scout/365_euro/
2022-10-23 12:54:30 DEBUG    Starting new HTTPS connection (1): fbref.com:443
2022-10-23 12:54:30 DEBUG    https://fbref.com:443 "GET /en/players/82464ce3/scout/365_euro/ HTTP/1.1" 200 None
2022-10-23 12:54:30 DEBUG    Starting new HTTPS connection (1): fbref.com:443
2022-10-23 12:54:30 DEBUG    https://fbref.com:443 "GET /en/players/31626657/scout/365_euro/ HTTP/1.1" 200 None
2022-10-23 12:54:30 DEBUG    Starting new HTTPS connection (1): fbref.com:443
2022-10-23 12:54:30 DEBUG    https://fbref.com:443 "GET /en/players/0e46fa2f/scout/365_euro/ HTTP/1.1" 200 None
2022-10-23 12:54:30 WARNING  Player has not scouting report : https://fbref.com/en/players/0e46fa2f/scout/365_euro/
2022-10-23 12:54:30 DEBUG    Starting new HTTPS connection (1): fbref.com:443
2022-10-23 12:54:31 DEBUG    https://fbref.com:443 "GET /en/players/c2a6033c/scout/365_euro/ HTTP/1.1" 200 None
2022-10-23 12:56:00 DEBUG    ----------- Starting -----------
2022-10-23 12:56:00 DEBUG    Starting fbref scrapping
2022-10-23 12:56:00 DEBUG    Starting new HTTPS connection (1): fbref.com:443
2022-10-23 12:56:01 DEBUG    https://fbref.com:443 "GET /en/comps/Big5/stats/joueurs/Statistiques-Les-5-grands-championnats-europeens HTTP/1.1" 200 None
2022-10-23 12:56:04 DEBUG    Starting new HTTPS connection (1): fbref.com:443
2022-10-23 12:56:05 DEBUG    https://fbref.com:443 "GET /en/players/5bc43860/scout/365_euro/ HTTP/1.1" 200 None
2022-10-23 12:56:05 DEBUG    Starting new HTTPS connection (1): fbref.com:443
2022-10-23 12:56:05 DEBUG    https://fbref.com:443 "GET /en/players/32c2d95f/scout/365_euro/ HTTP/1.1" 200 None
2022-10-23 12:56:05 DEBUG    Starting new HTTPS connection (1): fbref.com:443
2022-10-23 12:56:05 DEBUG    https://fbref.com:443 "GET /en/players/7978cbf0/scout/365_euro/ HTTP/1.1" 200 None
2022-10-23 12:56:05 WARNING  Player has not scouting report : https://fbref.com/en/players/7978cbf0/scout/365_euro/
2022-10-23 12:56:05 DEBUG    Starting new HTTPS connection (1): fbref.com:443
2022-10-23 12:56:05 DEBUG    https://fbref.com:443 "GET /en/players/82464ce3/scout/365_euro/ HTTP/1.1" 200 None
2022-10-23 12:56:06 DEBUG    Starting new HTTPS connection (1): fbref.com:443
2022-10-23 12:56:42 DEBUG    ----------- Starting -----------
2022-10-23 12:56:42 DEBUG    Starting fbref scrapping
2022-10-23 12:56:42 DEBUG    Starting new HTTPS connection (1): fbref.com:443
2022-10-23 12:56:42 DEBUG    https://fbref.com:443 "GET /en/comps/Big5/stats/joueurs/Statistiques-Les-5-grands-championnats-europeens HTTP/1.1" 200 None
2022-10-23 12:56:45 DEBUG    Starting new HTTPS connection (1): fbref.com:443
2022-10-23 12:56:45 DEBUG    https://fbref.com:443 "GET /en/players/5bc43860/scout/365_euro/ HTTP/1.1" 200 None
2022-10-23 12:56:45 DEBUG    Starting new HTTPS connection (1): fbref.com:443
2022-10-23 12:56:46 DEBUG    https://fbref.com:443 "GET /en/players/32c2d95f/scout/365_euro/ HTTP/1.1" 200 None
2022-10-23 12:56:46 DEBUG    Starting new HTTPS connection (1): fbref.com:443
2022-10-23 12:56:46 DEBUG    https://fbref.com:443 "GET /en/players/7978cbf0/scout/365_euro/ HTTP/1.1" 200 None
2022-10-23 12:56:46 WARNING  Player has not scouting report : https://fbref.com/en/players/7978cbf0/scout/365_euro/
2022-10-23 12:56:46 DEBUG    Starting new HTTPS connection (1): fbref.com:443
2022-10-23 12:56:46 DEBUG    https://fbref.com:443 "GET /en/players/82464ce3/scout/365_euro/ HTTP/1.1" 200 None
2022-10-23 12:56:46 DEBUG    Starting new HTTPS connection (1): fbref.com:443
2022-10-23 12:56:47 DEBUG    https://fbref.com:443 "GET /en/players/31626657/scout/365_euro/ HTTP/1.1" 200 None
2022-10-23 12:56:47 DEBUG    Starting new HTTPS connection (1): fbref.com:443
2022-10-23 12:56:47 DEBUG    https://fbref.com:443 "GET /en/players/0e46fa2f/scout/365_euro/ HTTP/1.1" 200 None
2022-10-23 12:56:47 WARNING  Player has not scouting report : https://fbref.com/en/players/0e46fa2f/scout/365_euro/
2022-10-23 12:56:47 DEBUG    Starting new HTTPS connection (1): fbref.com:443
2022-10-23 12:56:47 DEBUG    https://fbref.com:443 "GET /en/players/c2a6033c/scout/365_euro/ HTTP/1.1" 200 None
2022-10-23 12:56:47 DEBUG    Starting new HTTPS connection (1): fbref.com:443
2022-10-23 12:56:47 DEBUG    https://fbref.com:443 "GET /en/players/f586779e/scout/365_euro/ HTTP/1.1" 200 None
2022-10-23 12:56:48 DEBUG    Starting new HTTPS connection (1): fbref.com:443
2022-10-23 12:56:48 DEBUG    https://fbref.com:443 "GET /en/players/b96b595c/scout/365_euro/ HTTP/1.1" 200 None
2022-10-23 12:56:48 DEBUG    Starting new HTTPS connection (1): fbref.com:443
2022-10-23 12:56:48 DEBUG    https://fbref.com:443 "GET /en/players/1e93fc5d/scout/365_euro/ HTTP/1.1" 200 None
2022-10-23 12:56:48 WARNING  Player has not scouting report : https://fbref.com/en/players/1e93fc5d/scout/365_euro/
2022-10-23 12:56:48 DEBUG    Starting new HTTPS connection (1): fbref.com:443
2022-10-23 12:56:48 DEBUG    https://fbref.com:443 "GET /en/players/81442ecb/scout/365_euro/ HTTP/1.1" 200 None
2022-10-23 12:56:48 DEBUG    Starting new HTTPS connection (1): fbref.com:443
2022-10-23 12:56:49 DEBUG    https://fbref.com:443 "GET /en/players/f2bf1b0f/scout/365_euro/ HTTP/1.1" 200 None
2022-10-23 12:56:49 DEBUG    Starting new HTTPS connection (1): fbref.com:443
2022-10-23 12:56:49 DEBUG    https://fbref.com:443 "GET /en/players/2b09d998/scout/365_euro/ HTTP/1.1" 200 None
2022-10-23 12:56:49 DEBUG    Starting new HTTPS connection (1): fbref.com:443
2022-10-23 12:56:49 DEBUG    https://fbref.com:443 "GET /en/players/22919e97/scout/365_euro/ HTTP/1.1" 200 None
2022-10-23 12:56:49 WARNING  Player has not scouting report : https://fbref.com/en/players/22919e97/scout/365_euro/
2022-10-23 12:56:49 DEBUG    Starting new HTTPS connection (1): fbref.com:443
2022-10-23 12:56:49 DEBUG    https://fbref.com:443 "GET /en/players/c81d773d/scout/365_euro/ HTTP/1.1" 200 None
2022-10-23 12:56:50 DEBUG    Starting new HTTPS connection (1): fbref.com:443
2022-10-23 12:56:50 DEBUG    https://fbref.com:443 "GET /en/players/7587446d/scout/365_euro/ HTTP/1.1" 200 None
2022-10-23 12:56:50 WARNING  Player has not scouting report : https://fbref.com/en/players/7587446d/scout/365_euro/
2022-10-23 12:56:50 DEBUG    Starting new HTTPS connection (1): fbref.com:443
2022-10-23 12:56:50 DEBUG    https://fbref.com:443 "GET /en/players/501055d8/scout/365_euro/ HTTP/1.1" 200 None
2022-10-23 12:56:50 DEBUG    Starting new HTTPS connection (1): fbref.com:443
2022-10-23 12:56:50 DEBUG    https://fbref.com:443 "GET /en/players/dcfb17f4/scout/365_euro/ HTTP/1.1" 200 None
2022-10-23 12:56:51 DEBUG    Starting new HTTPS connection (1): fbref.com:443
2022-10-23 12:56:51 DEBUG    https://fbref.com:443 "GET /en/players/26777636/scout/365_euro/ HTTP/1.1" 200 None
2022-10-23 12:56:51 DEBUG    Starting new HTTPS connection (1): fbref.com:443
2022-10-23 12:56:51 DEBUG    https://fbref.com:443 "GET /en/players/f9c927de/scout/365_euro/ HTTP/1.1" 200 None
2022-10-23 12:56:51 DEBUG    Starting new HTTPS connection (1): fbref.com:443
2022-10-23 12:56:51 DEBUG    https://fbref.com:443 "GET /en/players/0154d290/scout/365_euro/ HTTP/1.1" 200 None
2022-10-23 12:56:52 DEBUG    Starting new HTTPS connection (1): fbref.com:443
2022-10-23 12:56:52 DEBUG    https://fbref.com:443 "GET /en/players/75f1ed80/scout/365_euro/ HTTP/1.1" 200 None
2022-10-23 12:56:52 DEBUG    Starting new HTTPS connection (1): fbref.com:443
2022-10-23 12:56:52 DEBUG    https://fbref.com:443 "GET /en/players/8bc8829a/scout/365_euro/ HTTP/1.1" 200 None
2022-10-23 12:56:52 DEBUG    Starting new HTTPS connection (1): fbref.com:443
2022-10-23 12:56:52 DEBUG    https://fbref.com:443 "GET /en/players/cb6d81b3/scout/365_euro/ HTTP/1.1" 200 None
2022-10-23 12:56:52 WARNING  Player has not scouting report : https://fbref.com/en/players/cb6d81b3/scout/365_euro/
2022-10-23 12:56:52 DEBUG    Starting new HTTPS connection (1): fbref.com:443
2022-10-23 12:56:53 DEBUG    https://fbref.com:443 "GET /en/players/014aa7bd/scout/365_euro/ HTTP/1.1" 200 None
2022-10-23 12:56:53 DEBUG    Starting new HTTPS connection (1): fbref.com:443
2022-10-23 12:56:53 DEBUG    https://fbref.com:443 "GET /en/players/46fa7204/scout/365_euro/ HTTP/1.1" 200 None
2022-10-23 12:56:53 DEBUG    Starting new HTTPS connection (1): fbref.com:443
2022-10-23 12:56:53 DEBUG    https://fbref.com:443 "GET /en/players/3dd738a1/scout/365_euro/ HTTP/1.1" 200 None
2022-10-23 12:56:54 DEBUG    Starting new HTTPS connection (1): fbref.com:443
2022-10-23 12:56:54 DEBUG    https://fbref.com:443 "GET /en/players/a6c58494/scout/365_euro/ HTTP/1.1" 200 None
2022-10-23 12:56:54 DEBUG    Starting new HTTPS connection (1): fbref.com:443
2022-10-23 12:56:54 DEBUG    https://fbref.com:443 "GET /en/players/48b28bfd/scout/365_euro/ HTTP/1.1" 200 None
2022-10-23 12:56:54 DEBUG    Starting new HTTPS connection (1): fbref.com:443
2022-10-23 12:56:55 DEBUG    https://fbref.com:443 "GET /en/players/18abe173/scout/365_euro/ HTTP/1.1" 200 None
2022-10-23 12:56:55 DEBUG    Starting new HTTPS connection (1): fbref.com:443
2022-10-23 12:59:02 DEBUG    ----------- Starting -----------
2022-10-23 12:59:02 DEBUG    Starting fbref scrapping
2022-10-23 12:59:02 DEBUG    Starting new HTTPS connection (1): fbref.com:443
2022-10-23 12:59:03 DEBUG    https://fbref.com:443 "GET /en/comps/Big5/stats/joueurs/Statistiques-Les-5-grands-championnats-europeens HTTP/1.1" 200 None
2022-10-23 12:59:06 DEBUG    Starting new HTTPS connection (1): fbref.com:443
2022-10-23 12:59:06 DEBUG    https://fbref.com:443 "GET /en/players/5bc43860/scout/365_euro/ HTTP/1.1" 200 None
2022-10-23 12:59:06 DEBUG    Starting new HTTPS connection (1): fbref.com:443
2022-10-23 12:59:07 DEBUG    https://fbref.com:443 "GET /en/players/32c2d95f/scout/365_euro/ HTTP/1.1" 200 None
2022-10-23 12:59:07 DEBUG    Starting new HTTPS connection (1): fbref.com:443
2022-10-23 12:59:07 DEBUG    https://fbref.com:443 "GET /en/players/7978cbf0/scout/365_euro/ HTTP/1.1" 200 None
2022-10-23 12:59:07 WARNING  Player has not scouting report : https://fbref.com/en/players/7978cbf0/scout/365_euro/
2022-10-23 12:59:07 DEBUG    Starting new HTTPS connection (1): fbref.com:443
2022-10-23 12:59:07 DEBUG    https://fbref.com:443 "GET /en/players/82464ce3/scout/365_euro/ HTTP/1.1" 200 None
2022-10-23 12:59:08 DEBUG    Starting new HTTPS connection (1): fbref.com:443
2022-10-23 12:59:08 DEBUG    https://fbref.com:443 "GET /en/players/31626657/scout/365_euro/ HTTP/1.1" 200 None
2022-10-23 12:59:08 DEBUG    Starting new HTTPS connection (1): fbref.com:443
2022-10-23 12:59:09 DEBUG    https://fbref.com:443 "GET /en/players/0e46fa2f/scout/365_euro/ HTTP/1.1" 200 None
2022-10-23 12:59:09 WARNING  Player has not scouting report : https://fbref.com/en/players/0e46fa2f/scout/365_euro/
2022-10-23 12:59:09 DEBUG    Starting new HTTPS connection (1): fbref.com:443
2022-10-23 12:59:09 DEBUG    https://fbref.com:443 "GET /en/players/c2a6033c/scout/365_euro/ HTTP/1.1" 200 None
2022-10-23 12:59:09 DEBUG    Starting new HTTPS connection (1): fbref.com:443
2022-10-23 12:59:09 DEBUG    https://fbref.com:443 "GET /en/players/f586779e/scout/365_euro/ HTTP/1.1" 200 None
2022-10-23 12:59:09 DEBUG    Starting new HTTPS connection (1): fbref.com:443
2022-10-23 12:59:09 DEBUG    https://fbref.com:443 "GET /en/players/b96b595c/scout/365_euro/ HTTP/1.1" 200 None
2022-10-23 12:59:10 DEBUG    Starting new HTTPS connection (1): fbref.com:443
2022-10-23 12:59:10 DEBUG    https://fbref.com:443 "GET /en/players/1e93fc5d/scout/365_euro/ HTTP/1.1" 200 None
2022-10-23 12:59:10 WARNING  Player has not scouting report : https://fbref.com/en/players/1e93fc5d/scout/365_euro/
2022-10-23 12:59:10 DEBUG    Starting new HTTPS connection (1): fbref.com:443
2022-10-23 12:59:10 DEBUG    https://fbref.com:443 "GET /en/players/81442ecb/scout/365_euro/ HTTP/1.1" 200 None
2022-10-23 12:59:10 DEBUG    Starting new HTTPS connection (1): fbref.com:443
2022-10-23 12:59:10 DEBUG    https://fbref.com:443 "GET /en/players/f2bf1b0f/scout/365_euro/ HTTP/1.1" 200 None
2022-10-23 12:59:10 DEBUG    Starting new HTTPS connection (1): fbref.com:443
2022-10-23 12:59:11 DEBUG    https://fbref.com:443 "GET /en/players/2b09d998/scout/365_euro/ HTTP/1.1" 200 None
2022-10-23 12:59:11 DEBUG    Starting new HTTPS connection (1): fbref.com:443
2022-10-23 12:59:11 DEBUG    https://fbref.com:443 "GET /en/players/22919e97/scout/365_euro/ HTTP/1.1" 200 None
2022-10-23 12:59:11 WARNING  Player has not scouting report : https://fbref.com/en/players/22919e97/scout/365_euro/
2022-10-23 12:59:11 DEBUG    Starting new HTTPS connection (1): fbref.com:443
2022-10-23 12:59:11 DEBUG    https://fbref.com:443 "GET /en/players/c81d773d/scout/365_euro/ HTTP/1.1" 200 None
2022-10-23 12:59:11 DEBUG    Starting new HTTPS connection (1): fbref.com:443
2022-10-23 12:59:12 DEBUG    https://fbref.com:443 "GET /en/players/7587446d/scout/365_euro/ HTTP/1.1" 200 None
2022-10-23 12:59:12 WARNING  Player has not scouting report : https://fbref.com/en/players/7587446d/scout/365_euro/
2022-10-23 12:59:12 DEBUG    Starting new HTTPS connection (1): fbref.com:443
2022-10-23 12:59:12 DEBUG    https://fbref.com:443 "GET /en/players/501055d8/scout/365_euro/ HTTP/1.1" 200 None
2022-10-23 12:59:12 DEBUG    Starting new HTTPS connection (1): fbref.com:443
2022-10-23 12:59:12 DEBUG    https://fbref.com:443 "GET /en/players/dcfb17f4/scout/365_euro/ HTTP/1.1" 200 None
2022-10-23 12:59:13 DEBUG    Starting new HTTPS connection (1): fbref.com:443
2022-10-23 12:59:13 DEBUG    https://fbref.com:443 "GET /en/players/26777636/scout/365_euro/ HTTP/1.1" 200 None
2022-10-23 12:59:13 DEBUG    Starting new HTTPS connection (1): fbref.com:443
2022-10-23 12:59:13 DEBUG    https://fbref.com:443 "GET /en/players/f9c927de/scout/365_euro/ HTTP/1.1" 200 None
2022-10-23 12:59:13 DEBUG    Starting new HTTPS connection (1): fbref.com:443
2022-10-23 12:59:13 DEBUG    https://fbref.com:443 "GET /en/players/0154d290/scout/365_euro/ HTTP/1.1" 200 None
2022-10-23 12:59:14 DEBUG    Starting new HTTPS connection (1): fbref.com:443
2022-10-23 12:59:14 DEBUG    https://fbref.com:443 "GET /en/players/75f1ed80/scout/365_euro/ HTTP/1.1" 200 None
2022-10-23 12:59:14 DEBUG    Starting new HTTPS connection (1): fbref.com:443
2022-10-23 13:00:16 DEBUG    ----------- Starting -----------
2022-10-23 13:00:16 DEBUG    Starting fbref scrapping
2022-10-23 13:00:16 DEBUG    Starting new HTTPS connection (1): fbref.com:443
2022-10-23 13:00:18 DEBUG    https://fbref.com:443 "GET /en/comps/Big5/stats/joueurs/Statistiques-Les-5-grands-championnats-europeens HTTP/1.1" 200 None
2022-10-23 13:00:21 DEBUG    Starting new HTTPS connection (1): fbref.com:443
2022-10-23 13:00:22 DEBUG    https://fbref.com:443 "GET /en/players/5bc43860/scout/365_euro/ HTTP/1.1" 200 None
2022-10-23 13:00:22 DEBUG    Starting new HTTPS connection (1): fbref.com:443
2022-10-23 13:00:22 DEBUG    https://fbref.com:443 "GET /en/players/32c2d95f/scout/365_euro/ HTTP/1.1" 200 None
2022-10-23 13:00:22 DEBUG    Starting new HTTPS connection (1): fbref.com:443
2022-10-23 13:00:22 DEBUG    https://fbref.com:443 "GET /en/players/7978cbf0/scout/365_euro/ HTTP/1.1" 200 None
2022-10-23 13:00:22 WARNING  Player has not scouting report : https://fbref.com/en/players/7978cbf0/scout/365_euro/
2022-10-23 13:00:22 DEBUG    Starting new HTTPS connection (1): fbref.com:443
2022-10-23 13:00:22 DEBUG    https://fbref.com:443 "GET /en/players/82464ce3/scout/365_euro/ HTTP/1.1" 200 None
2022-10-23 13:00:23 DEBUG    Starting new HTTPS connection (1): fbref.com:443
2022-10-23 13:00:23 DEBUG    https://fbref.com:443 "GET /en/players/31626657/scout/365_euro/ HTTP/1.1" 200 None
2022-10-23 13:00:23 DEBUG    Starting new HTTPS connection (1): fbref.com:443
2022-10-23 13:00:23 DEBUG    https://fbref.com:443 "GET /en/players/0e46fa2f/scout/365_euro/ HTTP/1.1" 200 None
2022-10-23 13:00:23 WARNING  Player has not scouting report : https://fbref.com/en/players/0e46fa2f/scout/365_euro/
2022-10-23 13:00:23 DEBUG    Starting new HTTPS connection (1): fbref.com:443
2022-10-23 13:00:24 DEBUG    https://fbref.com:443 "GET /en/players/c2a6033c/scout/365_euro/ HTTP/1.1" 200 None
2022-10-23 13:00:24 DEBUG    Starting new HTTPS connection (1): fbref.com:443
2022-10-23 13:00:24 DEBUG    https://fbref.com:443 "GET /en/players/f586779e/scout/365_euro/ HTTP/1.1" 200 None
2022-10-23 13:00:24 DEBUG    Starting new HTTPS connection (1): fbref.com:443
2022-10-23 13:00:24 DEBUG    https://fbref.com:443 "GET /en/players/b96b595c/scout/365_euro/ HTTP/1.1" 200 None
2022-10-23 13:00:24 DEBUG    Starting new HTTPS connection (1): fbref.com:443
2022-10-23 13:00:25 DEBUG    https://fbref.com:443 "GET /en/players/1e93fc5d/scout/365_euro/ HTTP/1.1" 200 None
2022-10-23 13:00:25 WARNING  Player has not scouting report : https://fbref.com/en/players/1e93fc5d/scout/365_euro/
2022-10-23 13:00:25 DEBUG    Starting new HTTPS connection (1): fbref.com:443
2022-10-23 13:00:25 DEBUG    https://fbref.com:443 "GET /en/players/81442ecb/scout/365_euro/ HTTP/1.1" 200 None
2022-10-23 13:00:25 DEBUG    Starting new HTTPS connection (1): fbref.com:443
2022-10-23 13:00:25 DEBUG    https://fbref.com:443 "GET /en/players/f2bf1b0f/scout/365_euro/ HTTP/1.1" 200 None
2022-10-23 13:00:25 DEBUG    Starting new HTTPS connection (1): fbref.com:443
2022-10-23 13:00:25 DEBUG    https://fbref.com:443 "GET /en/players/2b09d998/scout/365_euro/ HTTP/1.1" 200 None
2022-10-23 13:00:26 DEBUG    Starting new HTTPS connection (1): fbref.com:443
2022-10-23 13:00:26 DEBUG    https://fbref.com:443 "GET /en/players/22919e97/scout/365_euro/ HTTP/1.1" 200 None
2022-10-23 13:00:26 WARNING  Player has not scouting report : https://fbref.com/en/players/22919e97/scout/365_euro/
2022-10-23 13:00:26 DEBUG    Starting new HTTPS connection (1): fbref.com:443
2022-10-23 13:00:26 DEBUG    https://fbref.com:443 "GET /en/players/c81d773d/scout/365_euro/ HTTP/1.1" 200 None
2022-10-23 13:00:26 DEBUG    Starting new HTTPS connection (1): fbref.com:443
2022-10-23 13:00:29 DEBUG    https://fbref.com:443 "GET /en/players/7587446d/scout/365_euro/ HTTP/1.1" 200 None
2022-10-23 13:00:29 WARNING  Player has not scouting report : https://fbref.com/en/players/7587446d/scout/365_euro/
2022-10-23 13:00:29 DEBUG    Starting new HTTPS connection (1): fbref.com:443
2022-10-23 13:00:29 DEBUG    https://fbref.com:443 "GET /en/players/501055d8/scout/365_euro/ HTTP/1.1" 200 None
2022-10-23 13:00:29 DEBUG    Starting new HTTPS connection (1): fbref.com:443
2022-10-23 13:00:30 DEBUG    https://fbref.com:443 "GET /en/players/dcfb17f4/scout/365_euro/ HTTP/1.1" 200 None
2022-10-23 13:00:30 DEBUG    Starting new HTTPS connection (1): fbref.com:443
2022-10-23 13:00:31 DEBUG    https://fbref.com:443 "GET /en/players/26777636/scout/365_euro/ HTTP/1.1" 200 None
2022-10-23 13:00:31 DEBUG    Starting new HTTPS connection (1): fbref.com:443
2022-10-23 13:00:31 DEBUG    https://fbref.com:443 "GET /en/players/f9c927de/scout/365_euro/ HTTP/1.1" 200 None
2022-10-23 13:00:31 DEBUG    Starting new HTTPS connection (1): fbref.com:443
2022-10-23 13:00:31 DEBUG    https://fbref.com:443 "GET /en/players/0154d290/scout/365_euro/ HTTP/1.1" 200 None
2022-10-23 13:00:31 ERROR    Error with player : https://fbref.com/en/players/0154d290/scout/365_euro/
unsupported operand type(s) for +: 'NoneType' and 'str'
2022-10-23 13:00:31 DEBUG    Starting new HTTPS connection (1): fbref.com:443
2022-10-23 13:00:31 DEBUG    https://fbref.com:443 "GET /en/players/75f1ed80/scout/365_euro/ HTTP/1.1" 200 None
2022-10-23 13:00:32 DEBUG    Starting new HTTPS connection (1): fbref.com:443
2022-10-23 13:00:32 DEBUG    https://fbref.com:443 "GET /en/players/8bc8829a/scout/365_euro/ HTTP/1.1" 200 None
2022-10-23 13:00:32 DEBUG    Starting new HTTPS connection (1): fbref.com:443
2022-10-23 13:00:32 DEBUG    https://fbref.com:443 "GET /en/players/cb6d81b3/scout/365_euro/ HTTP/1.1" 200 None
2022-10-23 13:00:32 WARNING  Player has not scouting report : https://fbref.com/en/players/cb6d81b3/scout/365_euro/
2022-10-23 13:00:32 DEBUG    Starting new HTTPS connection (1): fbref.com:443
2022-10-23 13:00:32 DEBUG    https://fbref.com:443 "GET /en/players/014aa7bd/scout/365_euro/ HTTP/1.1" 200 None
2022-10-23 13:00:33 ERROR    Error with player : https://fbref.com/en/players/014aa7bd/scout/365_euro/
unsupported operand type(s) for +: 'NoneType' and 'str'
2022-10-23 13:00:33 DEBUG    Starting new HTTPS connection (1): fbref.com:443
2022-10-23 13:00:33 DEBUG    https://fbref.com:443 "GET /en/players/46fa7204/scout/365_euro/ HTTP/1.1" 200 None
2022-10-23 13:00:33 DEBUG    Starting new HTTPS connection (1): fbref.com:443
2022-10-23 13:00:33 DEBUG    https://fbref.com:443 "GET /en/players/3dd738a1/scout/365_euro/ HTTP/1.1" 200 None
2022-10-23 13:00:33 DEBUG    Starting new HTTPS connection (1): fbref.com:443
2022-10-23 13:00:33 DEBUG    https://fbref.com:443 "GET /en/players/a6c58494/scout/365_euro/ HTTP/1.1" 200 None
2022-10-23 13:00:34 DEBUG    Starting new HTTPS connection (1): fbref.com:443
2022-10-23 13:00:34 DEBUG    https://fbref.com:443 "GET /en/players/48b28bfd/scout/365_euro/ HTTP/1.1" 200 None
2022-10-23 13:00:34 DEBUG    Starting new HTTPS connection (1): fbref.com:443
2022-10-23 13:00:34 DEBUG    https://fbref.com:443 "GET /en/players/18abe173/scout/365_euro/ HTTP/1.1" 200 None
2022-10-23 13:00:34 DEBUG    Starting new HTTPS connection (1): fbref.com:443
2022-10-23 13:00:34 DEBUG    https://fbref.com:443 "GET /en/players/246d153b/scout/365_euro/ HTTP/1.1" 200 None
2022-10-23 13:00:34 DEBUG    Starting new HTTPS connection (1): fbref.com:443
2022-10-23 15:37:20 DEBUG    ----------- Starting -----------
2022-10-23 15:37:20 DEBUG    Starting fbref scrapping
2022-10-23 15:37:20 DEBUG    Starting new HTTPS connection (1): fbref.com:443
2022-10-23 15:37:20 DEBUG    https://fbref.com:443 "GET /en/comps/Big5/stats/joueurs/Statistiques-Les-5-grands-championnats-europeens HTTP/1.1" 200 None
2022-10-23 15:37:23 DEBUG    Starting new HTTPS connection (1): fbref.com:443
2022-10-23 15:37:24 DEBUG    https://fbref.com:443 "GET /en/players/5bc43860/scout/365_euro/ HTTP/1.1" 200 None
2022-10-23 15:37:24 DEBUG    Starting new HTTPS connection (1): fbref.com:443
2022-10-23 15:37:25 DEBUG    https://fbref.com:443 "GET /en/players/32c2d95f/scout/365_euro/ HTTP/1.1" 200 None
2022-10-23 15:37:26 DEBUG    Starting new HTTPS connection (1): fbref.com:443
2022-10-23 15:37:26 DEBUG    https://fbref.com:443 "GET /en/players/7978cbf0/scout/365_euro/ HTTP/1.1" 200 None
2022-10-23 15:37:26 WARNING  Player has not scouting report : https://fbref.com/en/players/7978cbf0/scout/365_euro/
2022-10-23 15:37:26 DEBUG    Starting new HTTPS connection (1): fbref.com:443
2022-10-23 15:37:27 DEBUG    https://fbref.com:443 "GET /en/players/82464ce3/scout/365_euro/ HTTP/1.1" 200 None
2022-10-23 15:37:27 DEBUG    Starting new HTTPS connection (1): fbref.com:443
2022-10-23 15:37:27 DEBUG    https://fbref.com:443 "GET /en/players/31626657/scout/365_euro/ HTTP/1.1" 200 None
2022-10-23 15:37:27 DEBUG    Starting new HTTPS connection (1): fbref.com:443
2022-10-23 15:37:28 DEBUG    https://fbref.com:443 "GET /en/players/0e46fa2f/scout/365_euro/ HTTP/1.1" 200 None
2022-10-23 15:37:28 WARNING  Player has not scouting report : https://fbref.com/en/players/0e46fa2f/scout/365_euro/
2022-10-23 15:37:28 DEBUG    Starting new HTTPS connection (1): fbref.com:443
2022-10-23 15:37:28 DEBUG    https://fbref.com:443 "GET /en/players/c2a6033c/scout/365_euro/ HTTP/1.1" 200 None
2022-10-23 15:37:28 DEBUG    Starting new HTTPS connection (1): fbref.com:443
2022-10-23 15:37:29 DEBUG    https://fbref.com:443 "GET /en/players/f586779e/scout/365_euro/ HTTP/1.1" 200 None
2022-10-23 15:37:29 DEBUG    Starting new HTTPS connection (1): fbref.com:443
2022-10-23 15:37:30 DEBUG    https://fbref.com:443 "GET /en/players/b96b595c/scout/365_euro/ HTTP/1.1" 200 None
2022-10-23 15:37:30 DEBUG    Starting new HTTPS connection (1): fbref.com:443
2022-10-23 15:37:30 DEBUG    https://fbref.com:443 "GET /en/players/1e93fc5d/scout/365_euro/ HTTP/1.1" 200 None
2022-10-23 15:37:30 WARNING  Player has not scouting report : https://fbref.com/en/players/1e93fc5d/scout/365_euro/
2022-10-23 15:37:30 DEBUG    Starting new HTTPS connection (1): fbref.com:443
2022-10-23 15:37:32 DEBUG    https://fbref.com:443 "GET /en/players/81442ecb/scout/365_euro/ HTTP/1.1" 200 None
2022-10-23 15:37:32 DEBUG    Starting new HTTPS connection (1): fbref.com:443
2022-10-23 15:37:32 DEBUG    https://fbref.com:443 "GET /en/players/f2bf1b0f/scout/365_euro/ HTTP/1.1" 200 None
2022-10-23 15:37:32 DEBUG    Starting new HTTPS connection (1): fbref.com:443
2022-10-23 15:37:33 DEBUG    https://fbref.com:443 "GET /en/players/2b09d998/scout/365_euro/ HTTP/1.1" 200 None
2022-10-23 15:37:33 DEBUG    Starting new HTTPS connection (1): fbref.com:443
2022-10-23 15:37:34 DEBUG    https://fbref.com:443 "GET /en/players/22919e97/scout/365_euro/ HTTP/1.1" 200 None
2022-10-23 15:37:34 WARNING  Player has not scouting report : https://fbref.com/en/players/22919e97/scout/365_euro/
2022-10-23 15:37:34 DEBUG    Starting new HTTPS connection (1): fbref.com:443
2022-10-23 15:37:34 DEBUG    https://fbref.com:443 "GET /en/players/c81d773d/scout/365_euro/ HTTP/1.1" 200 None
2022-10-23 15:37:34 DEBUG    Starting new HTTPS connection (1): fbref.com:443
2022-10-23 15:37:34 DEBUG    https://fbref.com:443 "GET /en/players/7587446d/scout/365_euro/ HTTP/1.1" 200 None
2022-10-23 15:37:34 WARNING  Player has not scouting report : https://fbref.com/en/players/7587446d/scout/365_euro/
2022-10-23 15:37:34 DEBUG    Starting new HTTPS connection (1): fbref.com:443
2022-10-23 15:37:35 DEBUG    https://fbref.com:443 "GET /en/players/501055d8/scout/365_euro/ HTTP/1.1" 200 None
2022-10-23 15:37:35 DEBUG    Starting new HTTPS connection (1): fbref.com:443
2022-10-23 15:37:35 DEBUG    https://fbref.com:443 "GET /en/players/dcfb17f4/scout/365_euro/ HTTP/1.1" 200 None
2022-10-23 15:37:36 DEBUG    Starting new HTTPS connection (1): fbref.com:443
2022-10-23 15:37:36 DEBUG    https://fbref.com:443 "GET /en/players/26777636/scout/365_euro/ HTTP/1.1" 200 None
2022-10-23 15:37:36 DEBUG    Starting new HTTPS connection (1): fbref.com:443
2022-10-23 15:37:36 DEBUG    https://fbref.com:443 "GET /en/players/f9c927de/scout/365_euro/ HTTP/1.1" 200 None
2022-10-23 15:37:36 DEBUG    Starting new HTTPS connection (1): fbref.com:443
2022-10-23 15:37:37 DEBUG    https://fbref.com:443 "GET /en/players/0154d290/scout/365_euro/ HTTP/1.1" 200 None
2022-10-23 15:37:37 ERROR    Error with player : https://fbref.com/en/players/0154d290/scout/365_euro/
unsupported operand type(s) for +: 'NoneType' and 'str'
2022-10-23 15:37:37 DEBUG    Starting new HTTPS connection (1): fbref.com:443
2022-10-23 15:37:37 DEBUG    https://fbref.com:443 "GET /en/players/75f1ed80/scout/365_euro/ HTTP/1.1" 200 None
2022-10-23 15:37:38 DEBUG    Starting new HTTPS connection (1): fbref.com:443
2022-10-23 15:37:38 DEBUG    https://fbref.com:443 "GET /en/players/8bc8829a/scout/365_euro/ HTTP/1.1" 200 None
2022-10-23 15:37:38 DEBUG    Starting new HTTPS connection (1): fbref.com:443
2022-10-23 15:37:38 DEBUG    https://fbref.com:443 "GET /en/players/cb6d81b3/scout/365_euro/ HTTP/1.1" 200 None
2022-10-23 15:37:38 WARNING  Player has not scouting report : https://fbref.com/en/players/cb6d81b3/scout/365_euro/
2022-10-23 15:37:38 DEBUG    Starting new HTTPS connection (1): fbref.com:443
2022-10-23 15:37:39 DEBUG    https://fbref.com:443 "GET /en/players/014aa7bd/scout/365_euro/ HTTP/1.1" 200 None
2022-10-23 15:37:39 ERROR    Error with player : https://fbref.com/en/players/014aa7bd/scout/365_euro/
unsupported operand type(s) for +: 'NoneType' and 'str'
2022-10-23 15:37:39 DEBUG    Starting new HTTPS connection (1): fbref.com:443
2022-10-23 15:37:39 DEBUG    https://fbref.com:443 "GET /en/players/46fa7204/scout/365_euro/ HTTP/1.1" 200 None
2022-10-23 15:37:40 DEBUG    Starting new HTTPS connection (1): fbref.com:443
2022-10-23 15:37:41 DEBUG    https://fbref.com:443 "GET /en/players/3dd738a1/scout/365_euro/ HTTP/1.1" 200 None
2022-10-23 15:37:41 DEBUG    Starting new HTTPS connection (1): fbref.com:443
2022-10-23 15:37:41 DEBUG    https://fbref.com:443 "GET /en/players/a6c58494/scout/365_euro/ HTTP/1.1" 200 None
2022-10-23 15:37:42 DEBUG    Starting new HTTPS connection (1): fbref.com:443
2022-10-23 15:37:42 DEBUG    https://fbref.com:443 "GET /en/players/48b28bfd/scout/365_euro/ HTTP/1.1" 200 None
2022-10-23 15:37:42 DEBUG    Starting new HTTPS connection (1): fbref.com:443
2022-10-23 15:37:42 DEBUG    https://fbref.com:443 "GET /en/players/18abe173/scout/365_euro/ HTTP/1.1" 200 None
2022-10-23 15:37:42 DEBUG    Starting new HTTPS connection (1): fbref.com:443
2022-10-23 15:37:43 DEBUG    https://fbref.com:443 "GET /en/players/246d153b/scout/365_euro/ HTTP/1.1" 200 None
2022-10-23 15:37:43 DEBUG    Starting new HTTPS connection (1): fbref.com:443
2022-10-23 15:37:43 DEBUG    https://fbref.com:443 "GET /en/players/9b398aea/scout/365_euro/ HTTP/1.1" 200 None
2022-10-23 15:37:43 DEBUG    Starting new HTTPS connection (1): fbref.com:443
2022-10-23 15:37:43 DEBUG    https://fbref.com:443 "GET /en/players/d810c13b/scout/365_euro/ HTTP/1.1" 200 None
2022-10-23 15:37:43 DEBUG    Starting new HTTPS connection (1): fbref.com:443
2022-10-23 15:37:44 DEBUG    https://fbref.com:443 "GET /en/players/a8c0acb7/scout/365_euro/ HTTP/1.1" 200 None
2022-10-23 15:37:44 DEBUG    Starting new HTTPS connection (1): fbref.com:443
2022-10-23 15:38:36 DEBUG    ----------- Starting -----------
2022-10-23 15:38:36 DEBUG    Starting fbref scrapping
2022-10-23 15:38:36 DEBUG    Starting new HTTPS connection (1): fbref.com:443
2022-10-23 15:38:36 DEBUG    https://fbref.com:443 "GET /en/comps/Big5/stats/joueurs/Statistiques-Les-5-grands-championnats-europeens HTTP/1.1" 200 None
2022-10-23 15:38:39 DEBUG    Starting new HTTPS connection (1): fbref.com:443
2022-10-23 15:38:40 DEBUG    https://fbref.com:443 "GET /en/players/5bc43860/scout/365_euro/ HTTP/1.1" 200 None
2022-10-23 15:38:40 DEBUG    Starting new HTTPS connection (1): fbref.com:443
2022-10-23 15:38:40 DEBUG    https://fbref.com:443 "GET /en/players/32c2d95f/scout/365_euro/ HTTP/1.1" 200 None
2022-10-23 15:38:40 DEBUG    Starting new HTTPS connection (1): fbref.com:443
2022-10-23 15:38:41 DEBUG    https://fbref.com:443 "GET /en/players/7978cbf0/scout/365_euro/ HTTP/1.1" 200 None
2022-10-23 15:38:41 WARNING  Player has not scouting report : https://fbref.com/en/players/7978cbf0/scout/365_euro/
2022-10-23 15:38:41 DEBUG    Starting new HTTPS connection (1): fbref.com:443
2022-10-23 15:38:42 DEBUG    https://fbref.com:443 "GET /en/players/82464ce3/scout/365_euro/ HTTP/1.1" 200 None
2022-10-23 15:38:42 DEBUG    Starting new HTTPS connection (1): fbref.com:443
2022-10-23 15:38:42 DEBUG    https://fbref.com:443 "GET /en/players/31626657/scout/365_euro/ HTTP/1.1" 200 None
2022-10-23 15:38:42 DEBUG    Starting new HTTPS connection (1): fbref.com:443
2022-10-23 15:38:43 DEBUG    https://fbref.com:443 "GET /en/players/0e46fa2f/scout/365_euro/ HTTP/1.1" 200 None
2022-10-23 15:38:43 WARNING  Player has not scouting report : https://fbref.com/en/players/0e46fa2f/scout/365_euro/
2022-10-23 15:38:43 DEBUG    Starting new HTTPS connection (1): fbref.com:443
2022-10-23 15:38:43 DEBUG    https://fbref.com:443 "GET /en/players/c2a6033c/scout/365_euro/ HTTP/1.1" 200 None
2022-10-23 15:38:43 DEBUG    Starting new HTTPS connection (1): fbref.com:443
2022-10-23 15:38:43 DEBUG    https://fbref.com:443 "GET /en/players/f586779e/scout/365_euro/ HTTP/1.1" 200 None
2022-10-23 15:38:43 DEBUG    Starting new HTTPS connection (1): fbref.com:443
2022-10-23 15:38:44 DEBUG    https://fbref.com:443 "GET /en/players/b96b595c/scout/365_euro/ HTTP/1.1" 200 None
2022-10-23 15:38:44 DEBUG    Starting new HTTPS connection (1): fbref.com:443
2022-10-23 15:38:44 DEBUG    https://fbref.com:443 "GET /en/players/1e93fc5d/scout/365_euro/ HTTP/1.1" 200 None
2022-10-23 15:38:44 WARNING  Player has not scouting report : https://fbref.com/en/players/1e93fc5d/scout/365_euro/
2022-10-23 15:38:44 DEBUG    Starting new HTTPS connection (1): fbref.com:443
2022-10-23 15:38:44 DEBUG    https://fbref.com:443 "GET /en/players/81442ecb/scout/365_euro/ HTTP/1.1" 200 None
2022-10-23 15:38:44 DEBUG    Starting new HTTPS connection (1): fbref.com:443
2022-10-23 15:38:46 DEBUG    https://fbref.com:443 "GET /en/players/f2bf1b0f/scout/365_euro/ HTTP/1.1" 200 None
2022-10-23 15:38:46 DEBUG    Starting new HTTPS connection (1): fbref.com:443
2022-10-23 15:38:46 DEBUG    https://fbref.com:443 "GET /en/players/2b09d998/scout/365_euro/ HTTP/1.1" 200 None
2022-10-23 15:38:46 DEBUG    Starting new HTTPS connection (1): fbref.com:443
2022-10-23 15:38:46 DEBUG    https://fbref.com:443 "GET /en/players/22919e97/scout/365_euro/ HTTP/1.1" 200 None
2022-10-23 15:38:46 WARNING  Player has not scouting report : https://fbref.com/en/players/22919e97/scout/365_euro/
2022-10-23 15:38:46 DEBUG    Starting new HTTPS connection (1): fbref.com:443
2022-10-23 15:38:47 DEBUG    https://fbref.com:443 "GET /en/players/c81d773d/scout/365_euro/ HTTP/1.1" 200 None
2022-10-23 15:38:47 DEBUG    Starting new HTTPS connection (1): fbref.com:443
2022-10-23 15:38:47 DEBUG    https://fbref.com:443 "GET /en/players/7587446d/scout/365_euro/ HTTP/1.1" 200 None
2022-10-23 15:38:47 WARNING  Player has not scouting report : https://fbref.com/en/players/7587446d/scout/365_euro/
2022-10-23 15:38:47 DEBUG    Starting new HTTPS connection (1): fbref.com:443
2022-10-23 15:38:47 DEBUG    https://fbref.com:443 "GET /en/players/501055d8/scout/365_euro/ HTTP/1.1" 200 None
2022-10-23 15:38:47 DEBUG    Starting new HTTPS connection (1): fbref.com:443
2022-10-23 15:38:48 DEBUG    https://fbref.com:443 "GET /en/players/dcfb17f4/scout/365_euro/ HTTP/1.1" 200 None
2022-10-23 15:38:48 DEBUG    Starting new HTTPS connection (1): fbref.com:443
2022-10-23 15:38:48 DEBUG    https://fbref.com:443 "GET /en/players/26777636/scout/365_euro/ HTTP/1.1" 200 None
2022-10-23 15:38:48 DEBUG    Starting new HTTPS connection (1): fbref.com:443
2022-10-23 15:38:48 DEBUG    https://fbref.com:443 "GET /en/players/f9c927de/scout/365_euro/ HTTP/1.1" 200 None
2022-10-23 15:38:49 DEBUG    Starting new HTTPS connection (1): fbref.com:443
2022-10-23 15:38:49 DEBUG    https://fbref.com:443 "GET /en/players/0154d290/scout/365_euro/ HTTP/1.1" 200 None
2022-10-23 15:38:49 DEBUG    Starting new HTTPS connection (1): fbref.com:443
2022-10-23 15:38:49 DEBUG    https://fbref.com:443 "GET /en/players/75f1ed80/scout/365_euro/ HTTP/1.1" 200 None
2022-10-23 15:38:49 DEBUG    Starting new HTTPS connection (1): fbref.com:443
2022-10-23 15:38:49 DEBUG    https://fbref.com:443 "GET /en/players/8bc8829a/scout/365_euro/ HTTP/1.1" 200 None
2022-10-23 15:38:50 DEBUG    Starting new HTTPS connection (1): fbref.com:443
2022-10-23 15:38:50 DEBUG    https://fbref.com:443 "GET /en/players/cb6d81b3/scout/365_euro/ HTTP/1.1" 200 None
2022-10-23 15:38:50 WARNING  Player has not scouting report : https://fbref.com/en/players/cb6d81b3/scout/365_euro/
2022-10-23 15:38:50 DEBUG    Starting new HTTPS connection (1): fbref.com:443
2022-10-23 15:38:50 DEBUG    https://fbref.com:443 "GET /en/players/014aa7bd/scout/365_euro/ HTTP/1.1" 200 None
2022-10-23 15:38:50 DEBUG    Starting new HTTPS connection (1): fbref.com:443
2022-10-23 15:38:50 DEBUG    https://fbref.com:443 "GET /en/players/46fa7204/scout/365_euro/ HTTP/1.1" 200 None
2022-10-23 15:38:51 DEBUG    Starting new HTTPS connection (1): fbref.com:443
2022-10-23 15:38:53 DEBUG    https://fbref.com:443 "GET /en/players/3dd738a1/scout/365_euro/ HTTP/1.1" 200 None
2022-10-23 15:38:53 DEBUG    Starting new HTTPS connection (1): fbref.com:443
2022-10-23 15:38:54 DEBUG    https://fbref.com:443 "GET /en/players/a6c58494/scout/365_euro/ HTTP/1.1" 200 None
2022-10-23 15:38:54 DEBUG    Starting new HTTPS connection (1): fbref.com:443
2022-10-23 15:38:54 DEBUG    https://fbref.com:443 "GET /en/players/48b28bfd/scout/365_euro/ HTTP/1.1" 200 None
2022-10-23 15:38:54 DEBUG    Starting new HTTPS connection (1): fbref.com:443
2022-10-23 15:38:54 DEBUG    https://fbref.com:443 "GET /en/players/18abe173/scout/365_euro/ HTTP/1.1" 200 None
2022-10-23 15:38:54 DEBUG    Starting new HTTPS connection (1): fbref.com:443
2022-10-23 15:38:55 DEBUG    https://fbref.com:443 "GET /en/players/246d153b/scout/365_euro/ HTTP/1.1" 200 None
2022-10-23 15:38:55 DEBUG    Starting new HTTPS connection (1): fbref.com:443
2022-10-23 15:38:55 DEBUG    https://fbref.com:443 "GET /en/players/9b398aea/scout/365_euro/ HTTP/1.1" 200 None
2022-10-23 15:38:55 DEBUG    Starting new HTTPS connection (1): fbref.com:443
2022-10-23 15:38:55 DEBUG    https://fbref.com:443 "GET /en/players/d810c13b/scout/365_euro/ HTTP/1.1" 200 None
2022-10-23 15:38:56 DEBUG    Starting new HTTPS connection (1): fbref.com:443
2022-10-23 15:38:56 DEBUG    https://fbref.com:443 "GET /en/players/a8c0acb7/scout/365_euro/ HTTP/1.1" 200 None
2022-10-23 15:38:56 DEBUG    Starting new HTTPS connection (1): fbref.com:443
2022-10-23 15:38:56 DEBUG    https://fbref.com:443 "GET /en/players/462475ed/scout/365_euro/ HTTP/1.1" 200 None
2022-10-23 15:38:56 DEBUG    Starting new HTTPS connection (1): fbref.com:443
2022-10-23 15:40:23 DEBUG    ----------- Starting -----------
2022-10-23 15:40:23 DEBUG    Starting fbref scrapping
2022-10-23 15:40:23 DEBUG    Starting new HTTPS connection (1): fbref.com:443
2022-10-23 15:40:24 DEBUG    https://fbref.com:443 "GET /en/comps/Big5/stats/joueurs/Statistiques-Les-5-grands-championnats-europeens HTTP/1.1" 200 None
2022-10-23 15:40:27 DEBUG    Starting new HTTPS connection (1): fbref.com:443
2022-10-23 15:40:27 DEBUG    https://fbref.com:443 "GET /en/players/5bc43860/scout/365_euro/ HTTP/1.1" 200 None
2022-10-23 15:40:27 DEBUG    Starting new HTTPS connection (1): fbref.com:443
2022-10-24 19:44:15 DEBUG    ----------- Starting -----------
2022-10-24 19:44:15 DEBUG    Starting fbref scrapping
2022-10-24 19:44:15 DEBUG    Starting new HTTPS connection (1): fbref.com:443
2022-10-24 19:44:37 DEBUG    https://fbref.com:443 "GET /en/comps/Big5/stats/joueurs/Statistiques-Les-5-grands-championnats-europeens HTTP/1.1" 200 None
2022-10-24 19:44:41 DEBUG    Starting new HTTPS connection (1): fbref.com:443
2022-10-24 19:44:42 DEBUG    https://fbref.com:443 "GET /en/players/5bc43860/scout/365_euro/ HTTP/1.1" 200 None
2022-10-24 19:44:42 DEBUG    Starting new HTTPS connection (1): fbref.com:443
2022-10-24 19:44:43 DEBUG    https://fbref.com:443 "GET /en/players/32c2d95f/scout/365_euro/ HTTP/1.1" 200 None
2022-10-24 19:44:43 DEBUG    Starting new HTTPS connection (1): fbref.com:443
2022-10-24 19:44:44 DEBUG    https://fbref.com:443 "GET /en/players/7978cbf0/scout/365_euro/ HTTP/1.1" 200 None
2022-10-24 19:44:44 WARNING  Player has not scouting report : https://fbref.com/en/players/7978cbf0/scout/365_euro/
2022-10-24 19:44:44 DEBUG    Starting new HTTPS connection (1): fbref.com:443
2022-10-24 19:44:45 DEBUG    https://fbref.com:443 "GET /en/players/82464ce3/scout/365_euro/ HTTP/1.1" 200 None
2022-10-24 19:44:45 DEBUG    Starting new HTTPS connection (1): fbref.com:443
2022-10-24 19:44:47 DEBUG    https://fbref.com:443 "GET /en/players/31626657/scout/365_euro/ HTTP/1.1" 200 None
2022-10-24 19:44:47 DEBUG    Starting new HTTPS connection (1): fbref.com:443
2022-10-24 19:44:48 DEBUG    https://fbref.com:443 "GET /en/players/0e46fa2f/scout/365_euro/ HTTP/1.1" 200 None
2022-10-24 19:44:48 WARNING  Player has not scouting report : https://fbref.com/en/players/0e46fa2f/scout/365_euro/
2022-10-24 19:44:48 DEBUG    Starting new HTTPS connection (1): fbref.com:443
2022-10-24 19:44:49 DEBUG    https://fbref.com:443 "GET /en/players/c2a6033c/scout/365_euro/ HTTP/1.1" 200 None
2022-10-24 19:44:50 DEBUG    Starting new HTTPS connection (1): fbref.com:443
2022-10-24 19:44:51 DEBUG    https://fbref.com:443 "GET /en/players/f586779e/scout/365_euro/ HTTP/1.1" 200 None
2022-10-24 19:44:51 DEBUG    Starting new HTTPS connection (1): fbref.com:443
2022-10-24 19:44:53 DEBUG    https://fbref.com:443 "GET /en/players/b96b595c/scout/365_euro/ HTTP/1.1" 200 None
2022-10-24 19:44:54 DEBUG    Starting new HTTPS connection (1): fbref.com:443
2022-10-24 19:44:54 DEBUG    https://fbref.com:443 "GET /en/players/1e93fc5d/scout/365_euro/ HTTP/1.1" 200 None
2022-10-24 19:44:54 WARNING  Player has not scouting report : https://fbref.com/en/players/1e93fc5d/scout/365_euro/
2022-10-24 19:44:54 DEBUG    Starting new HTTPS connection (1): fbref.com:443
2022-10-24 19:44:55 DEBUG    https://fbref.com:443 "GET /en/players/81442ecb/scout/365_euro/ HTTP/1.1" 200 None
2022-10-24 19:44:56 DEBUG    Starting new HTTPS connection (1): fbref.com:443
